<?xml version="1.0" encoding="UTF-8"?>
<!-- Generated by org.testng.reporters.JUnitXMLReporter -->
<testsuite ignored="0" hostname="BLRSFLT195" failures="0" tests="10" name="Test" time="149.133" errors="0" timestamp="02 Nov 2022 04:48:06 GMT">
  <testcase classname="org.ags.cartFunctionality" name="prework" time="4.521"/>
  <testcase classname="org.ags.cartFunctionality" name="loginCredentials" time="6.52"/>
  <testcase classname="org.ags.cartFunctionality" name="targetForCategory" time="38.955"/>
  <testcase classname="org.ags.cartFunctionality" name="shareCart" time="9.309"/>
  <testcase classname="org.ags.cartFunctionality" name="saveCart" time="8.427"/>
  <testcase classname="org.ags.cartFunctionality" name="myCartLink" time="14.858"/>
  <testcase classname="org.ags.cartFunctionality" name="editValidation" time="18.003"/>
  <testcase classname="org.ags.cartFunctionality" name="cartIconValidation" time="5.303"/>
  <testcase classname="org.ags.cartFunctionality" name="shareIconValidation" time="21.535"/>
  <testcase classname="org.ags.cartFunctionality" name="deleteValidation" time="5.655"/>
</testsuite> <!-- Test -->
